<?xml version="1.0" encoding="UTF-8"?>
<testsuite xmlns:xsi="http://www.w3.org/2001/XMLSchema-instance" xsi:noNamespaceSchemaLocation="https://maven.apache.org/surefire/maven-surefire-plugin/xsd/surefire-test-report.xsd" name="com.TiendaApu.TiendavirtualApplicationTests" time="180.121" tests="5" errors="0" skipped="5" failures="0">
  <properties>
[...]
</properties>
  <testcase name="probarEliminarCategoria" classname="com.TiendaApu.TiendavirtualApplicationTests" time="0">
    <skipped message="void com.TiendaApu.TiendavirtualApplicationTests.probarEliminarCategoria() is @Disabled"/>
    <system-out><![CDATA[17:57:01.234 [main] DEBUG org.springframework.test.context.BootstrapUtils - Instantiating CacheAwareContextLoaderDelegate from class [org.springframework.test.context.cache.DefaultCacheAwareContextLoaderDelegate]
17:57:01.617 [main] DEBUG org.springframework.test.context.BootstrapUtils - Instantiating BootstrapContext using constructor [public org.springframework.test.context.support.DefaultBootstrapContext(java.lang.Class,org.springframework.test.context.CacheAwareContextLoaderDelegate)]
17:57:03.326 [main] DEBUG org.springframework.test.context.BootstrapUtils - Instantiating TestContextBootstrapper for test class [com.TiendaApu.TiendavirtualApplicationTests] from class [org.springframework.boot.test.context.SpringBootTestContextBootstrapper]
17:57:03.654 [main] INFO org.springframework.boot.test.context.SpringBootTestContextBootstrapper - Neither @ContextConfiguration nor @ContextHierarchy found for test class [com.TiendaApu.TiendavirtualApplicationTests], using SpringBootContextLoader
17:57:03.746 [main] DEBUG org.springframework.test.context.support.AbstractContextLoader - Did not detect default resource location for test class [com.TiendaApu.TiendavirtualApplicationTests]: class path resource [com/TiendaApu/TiendavirtualApplicationTests-context.xml] does not exist
17:57:03.750 [main] DEBUG org.springframework.test.context.support.AbstractContextLoader - Did not detect default resource location for test class [com.TiendaApu.TiendavirtualApplicationTests]: class path resource [com/TiendaApu/TiendavirtualApplicationTestsContext.groovy] does not exist
17:57:03.752 [main] INFO org.springframework.test.context.support.AbstractContextLoader - Could not detect default resource locations for test class [com.TiendaApu.TiendavirtualApplicationTests]: no resource found for suffixes {-context.xml, Context.groovy}.
17:57:03.757 [main] INFO org.springframework.test.context.support.AnnotationConfigContextLoaderUtils - Could not detect default configuration classes for test class [com.TiendaApu.TiendavirtualApplicationTests]: TiendavirtualApplicationTests does not declare any static, non-private, non-final, nested classes annotated with @Configuration.
17:57:05.006 [main] DEBUG org.springframework.test.context.support.ActiveProfilesUtils - Could not find an 'annotation declaring class' for annotation type [org.springframework.test.context.ActiveProfiles] and class [com.TiendaApu.TiendavirtualApplicationTests]
17:57:07.501 [main] DEBUG org.springframework.context.annotation.ClassPathScanningCandidateComponentProvider - Identified candidate component class: file [C:\Users\arrietagamarra_12\Desktop\ciclo 3\TiendavirtualCLonada\target\classes\com\TiendaApu\TiendavirtualApplication.class]
17:57:07.567 [main] INFO org.springframework.boot.test.context.SpringBootTestContextBootstrapper - Found @SpringBootConfiguration com.TiendaApu.TiendavirtualApplication for test class com.TiendaApu.TiendavirtualApplicationTests
17:57:10.692 [main] DEBUG org.springframework.boot.test.context.SpringBootTestContextBootstrapper - @TestExecutionListeners is not present for class [com.TiendaApu.TiendavirtualApplicationTests]: using defaults.
17:57:10.700 [main] INFO org.springframework.boot.test.context.SpringBootTestContextBootstrapper - Loaded default TestExecutionListener class names from location [META-INF/spring.factories]: [org.springframework.boot.test.mock.mockito.MockitoTestExecutionListener, org.springframework.boot.test.mock.mockito.ResetMocksTestExecutionListener, org.springframework.boot.test.autoconfigure.restdocs.RestDocsTestExecutionListener, org.springframework.boot.test.autoconfigure.web.client.MockRestServiceServerResetTestExecutionListener, org.springframework.boot.test.autoconfigure.web.servlet.MockMvcPrintOnlyOnFailureTestExecutionListener, org.springframework.boot.test.autoconfigure.web.servlet.WebDriverTestExecutionListener, org.springframework.boot.test.autoconfigure.webservices.client.MockWebServiceServerTestExecutionListener, org.springframework.test.context.web.ServletTestExecutionListener, org.springframework.test.context.support.DirtiesContextBeforeModesTestExecutionListener, org.springframework.test.context.event.ApplicationEventsTestExecutionListener, org.springframework.test.context.support.DependencyInjectionTestExecutionListener, org.springframework.test.context.support.DirtiesContextTestExecutionListener, org.springframework.test.context.transaction.TransactionalTestExecutionListener, org.springframework.test.context.jdbc.SqlScriptsTestExecutionListener, org.springframework.test.context.event.EventPublishingTestExecutionListener]
17:57:11.411 [main] INFO org.springframework.boot.test.context.SpringBootTestContextBootstrapper - Using TestExecutionListeners: [org.springframework.test.context.web.ServletTestExecutionListener@53dacd14, org.springframework.test.context.support.DirtiesContextBeforeModesTestExecutionListener@14d14731, org.springframework.test.context.event.ApplicationEventsTestExecutionListener@2eced48b, org.springframework.boot.test.mock.mockito.MockitoTestExecutionListener@47c4ecdc, org.springframework.boot.test.autoconfigure.SpringBootDependencyInjectionTestExecutionListener@42f33b5d, org.springframework.test.context.support.DirtiesContextTestExecutionListener@5c8504fd, org.springframework.test.context.transaction.TransactionalTestExecutionListener@4b7e96a, org.springframework.test.context.jdbc.SqlScriptsTestExecutionListener@6475472c, org.springframework.test.context.event.EventPublishingTestExecutionListener@3f07b12c, org.springframework.boot.test.mock.mockito.ResetMocksTestExecutionListener@4bd1f8dd, org.springframework.boot.test.autoconfigure.restdocs.RestDocsTestExecutionListener@7096b474, org.springframework.boot.test.autoconfigure.web.client.MockRestServiceServerResetTestExecutionListener@3e14c16d, org.springframework.boot.test.autoconfigure.web.servlet.MockMvcPrintOnlyOnFailureTestExecutionListener@3c989952, org.springframework.boot.test.autoconfigure.web.servlet.WebDriverTestExecutionListener@784b990c, org.springframework.boot.test.autoconfigure.webservices.client.MockWebServiceServerTestExecutionListener@3d3ba765]
17:57:11.648 [main] DEBUG org.springframework.test.context.support.AbstractDirtiesContextTestExecutionListener - Before test class: context [DefaultTestContext@758a34ce testClass = TiendavirtualApplicationTests, testInstance = [null], testMethod = [null], testException = [null], mergedContextConfiguration = [WebMergedContextConfiguration@7ec3394b testClass = TiendavirtualApplicationTests, locations = '{}', classes = '{class com.TiendaApu.TiendavirtualApplication}', contextInitializerClasses = '[]', activeProfiles = '{}', propertySourceLocations = '{}', propertySourceProperties = '{org.springframework.boot.test.context.SpringBootTestContextBootstrapper=true}', contextCustomizers = set[org.springframework.boot.test.context.filter.ExcludeFilterContextCustomizer@4f4c4b1a, org.springframework.boot.test.json.DuplicateJsonObjectContextCustomizerFactory$DuplicateJsonObjectContextCustomizer@4fa1c212, org.springframework.boot.test.mock.mockito.MockitoContextCustomizer@0, org.springframework.boot.test.web.client.TestRestTemplateContextCustomizer@50313382, org.springframework.boot.test.autoconfigure.actuate.metrics.MetricsExportContextCustomizerFactory$DisableMetricExportContextCustomizer@11d8ae8b, org.springframework.boot.test.autoconfigure.properties.PropertyMappingContextCustomizer@0, org.springframework.boot.test.autoconfigure.web.servlet.WebDriverContextCustomizerFactory$Customizer@6b58b9e9, org.springframework.boot.test.context.SpringBootTestArgs@1, org.springframework.boot.test.context.SpringBootTestWebEnvironment@3d51f06e], resourceBasePath = 'src/main/webapp', contextLoader = 'org.springframework.boot.test.context.SpringBootContextLoader', parent = [null]], attributes = map['org.springframework.test.context.web.ServletTestExecutionListener.activateListener' -> true]], class annotated with @DirtiesContext [false] with mode [null].

  .   ____          _            __ _ _
 /\\ / ___'_ __ _ _(_)_ __  __ _ \ \ \ \
( ( )\___ | '_ | '_| | '_ \/ _` | \ \ \ \
 \\/  ___)| |_)| | | | | || (_| |  ) ) ) )
  '  |____| .__|_| |_|_| |_\__, | / / / /
 =========|_|==============|___/=/_/_/_/
 :: Spring Boot ::                (v2.7.3)

2022-09-09 17:57:27.870  INFO 1220 --- [           main] c.T.TiendavirtualApplicationTests        : Starting TiendavirtualApplicationTests using Java 11.0.15.1 on DESKTOP-R6TRDBL with PID 1220 (started by arrietagamarra_12 in C:\Users\arrietagamarra_12\Desktop\ciclo 3\TiendavirtualCLonada)
2022-09-09 17:57:28.180  INFO 1220 --- [           main] c.T.TiendavirtualApplicationTests        : No active profile set, falling back to 1 default profile: "default"
2022-09-09 17:58:05.886  INFO 1220 --- [           main] .s.d.r.c.RepositoryConfigurationDelegate : Bootstrapping Spring Data JPA repositories in DEFAULT mode.
2022-09-09 17:58:07.276  INFO 1220 --- [           main] .s.d.r.c.RepositoryConfigurationDelegate : Finished Spring Data repository scanning in 1112 ms. Found 1 JPA repository interfaces.
2022-09-09 17:58:29.756  INFO 1220 --- [           main] o.hibernate.jpa.internal.util.LogHelper  : HHH000204: Processing PersistenceUnitInfo [name: default]
2022-09-09 17:58:32.236  INFO 1220 --- [           main] org.hibernate.Version                    : HHH000412: Hibernate ORM core version 5.6.10.Final
2022-09-09 17:58:37.637  INFO 1220 --- [           main] o.hibernate.annotations.common.Version   : HCANN000001: Hibernate Commons Annotations {5.1.2.Final}
2022-09-09 17:58:49.237  INFO 1220 --- [           main] com.zaxxer.hikari.HikariDataSource       : HikariPool-1 - Starting...
2022-09-09 17:59:02.399  INFO 1220 --- [           main] com.zaxxer.hikari.HikariDataSource       : HikariPool-1 - Start completed.
2022-09-09 17:59:03.488  INFO 1220 --- [           main] org.hibernate.dialect.Dialect            : HHH000400: Using dialect: org.hibernate.dialect.MySQL5Dialect
2022-09-09 17:59:25.888  INFO 1220 --- [           main] o.h.e.t.j.p.i.JtaPlatformInitiator       : HHH000490: Using JtaPlatform implementation: [org.hibernate.engine.transaction.jta.platform.internal.NoJtaPlatform]
2022-09-09 17:59:25.961  INFO 1220 --- [           main] j.LocalContainerEntityManagerFactoryBean : Initialized JPA EntityManagerFactory for persistence unit 'default'
2022-09-09 17:59:36.377  WARN 1220 --- [           main] JpaBaseConfiguration$JpaWebConfiguration : spring.jpa.open-in-view is enabled by default. Therefore, database queries may be performed during view rendering. Explicitly configure spring.jpa.open-in-view to disable this warning
2022-09-09 17:59:45.029  INFO 1220 --- [           main] o.s.b.a.w.s.WelcomePageHandlerMapping    : Adding welcome page template: index
2022-09-09 17:59:58.433  INFO 1220 --- [           main] c.T.TiendavirtualApplicationTests        : Started TiendavirtualApplicationTests in 163.617 seconds (JVM running for 210.771)
]]></system-out>
  </testcase>
  <testcase name="verificarSiActualizaUnaCategoria" classname="com.TiendaApu.TiendavirtualApplicationTests" time="0">
    <skipped message="void com.TiendaApu.TiendavirtualApplicationTests.verificarSiActualizaUnaCategoria() is @Disabled"/>
  </testcase>
  <testcase name="probarSiEncuentraCategoriaConId" classname="com.TiendaApu.TiendavirtualApplicationTests" time="0">
    <skipped message="void com.TiendaApu.TiendavirtualApplicationTests.probarSiEncuentraCategoriaConId() is @Disabled"/>
  </testcase>
  <testcase name="verificarSiEncuentraTodasLasCategorias" classname="com.TiendaApu.TiendavirtualApplicationTests" time="0">
    <skipped message="void com.TiendaApu.TiendavirtualApplicationTests.verificarSiEncuentraTodasLasCategorias() is @Disabled"/>
  </testcase>
  <testcase name="verificarSiGuardaUnaCategoria" classname="com.TiendaApu.TiendavirtualApplicationTests" time="0">
    <skipped message="void com.TiendaApu.TiendavirtualApplicationTests.verificarSiGuardaUnaCategoria() is @Disabled"/>
  </testcase>
</testsuite>