<?xml version="1.0" encoding="UTF-8"?>
<testsuite xmlns:xsi="http://www.w3.org/2001/XMLSchema-instance" xsi:noNamespaceSchemaLocation="https://maven.apache.org/surefire/maven-surefire-plugin/xsd/surefire-test-report.xsd" name="com.TiendaApu.TiendavirtualApplicationTests" time="59.79" tests="5" errors="0" skipped="5" failures="0">
  <properties>
[...]
</properties>
  <testcase name="probarEliminarCategoria" classname="com.TiendaApu.TiendavirtualApplicationTests" time="0">
    <skipped message="void com.TiendaApu.TiendavirtualApplicationTests.probarEliminarCategoria() is @Disabled"/>
    <system-out><![CDATA[11:33:13.162 [main] DEBUG org.springframework.test.context.BootstrapUtils - Instantiating CacheAwareContextLoaderDelegate from class [org.springframework.test.context.cache.DefaultCacheAwareContextLoaderDelegate]
11:33:13.298 [main] DEBUG org.springframework.test.context.BootstrapUtils - Instantiating BootstrapContext using constructor [public org.springframework.test.context.support.DefaultBootstrapContext(java.lang.Class,org.springframework.test.context.CacheAwareContextLoaderDelegate)]
11:33:14.380 [main] DEBUG org.springframework.test.context.BootstrapUtils - Instantiating TestContextBootstrapper for test class [com.TiendaApu.TiendavirtualApplicationTests] from class [org.springframework.boot.test.context.SpringBootTestContextBootstrapper]
11:33:15.022 [main] INFO org.springframework.boot.test.context.SpringBootTestContextBootstrapper - Neither @ContextConfiguration nor @ContextHierarchy found for test class [com.TiendaApu.TiendavirtualApplicationTests], using SpringBootContextLoader
11:33:15.246 [main] DEBUG org.springframework.test.context.support.AbstractContextLoader - Did not detect default resource location for test class [com.TiendaApu.TiendavirtualApplicationTests]: class path resource [com/TiendaApu/TiendavirtualApplicationTests-context.xml] does not exist
11:33:15.254 [main] DEBUG org.springframework.test.context.support.AbstractContextLoader - Did not detect default resource location for test class [com.TiendaApu.TiendavirtualApplicationTests]: class path resource [com/TiendaApu/TiendavirtualApplicationTestsContext.groovy] does not exist
11:33:15.262 [main] INFO org.springframework.test.context.support.AbstractContextLoader - Could not detect default resource locations for test class [com.TiendaApu.TiendavirtualApplicationTests]: no resource found for suffixes {-context.xml, Context.groovy}.
11:33:15.270 [main] INFO org.springframework.test.context.support.AnnotationConfigContextLoaderUtils - Could not detect default configuration classes for test class [com.TiendaApu.TiendavirtualApplicationTests]: TiendavirtualApplicationTests does not declare any static, non-private, non-final, nested classes annotated with @Configuration.
11:33:16.262 [main] DEBUG org.springframework.test.context.support.ActiveProfilesUtils - Could not find an 'annotation declaring class' for annotation type [org.springframework.test.context.ActiveProfiles] and class [com.TiendaApu.TiendavirtualApplicationTests]
11:33:18.006 [main] DEBUG org.springframework.context.annotation.ClassPathScanningCandidateComponentProvider - Identified candidate component class: file [C:\Users\arrietagamarra_12\Desktop\ciclo 3\TiendavirtualCLonada\target\classes\com\TiendaApu\TiendavirtualApplication.class]
11:33:18.014 [main] INFO org.springframework.boot.test.context.SpringBootTestContextBootstrapper - Found @SpringBootConfiguration com.TiendaApu.TiendavirtualApplication for test class com.TiendaApu.TiendavirtualApplicationTests
11:33:19.085 [main] DEBUG org.springframework.boot.test.context.SpringBootTestContextBootstrapper - @TestExecutionListeners is not present for class [com.TiendaApu.TiendavirtualApplicationTests]: using defaults.
11:33:19.085 [main] INFO org.springframework.boot.test.context.SpringBootTestContextBootstrapper - Loaded default TestExecutionListener class names from location [META-INF/spring.factories]: [org.springframework.boot.test.mock.mockito.MockitoTestExecutionListener, org.springframework.boot.test.mock.mockito.ResetMocksTestExecutionListener, org.springframework.boot.test.autoconfigure.restdocs.RestDocsTestExecutionListener, org.springframework.boot.test.autoconfigure.web.client.MockRestServiceServerResetTestExecutionListener, org.springframework.boot.test.autoconfigure.web.servlet.MockMvcPrintOnlyOnFailureTestExecutionListener, org.springframework.boot.test.autoconfigure.web.servlet.WebDriverTestExecutionListener, org.springframework.boot.test.autoconfigure.webservices.client.MockWebServiceServerTestExecutionListener, org.springframework.test.context.web.ServletTestExecutionListener, org.springframework.test.context.support.DirtiesContextBeforeModesTestExecutionListener, org.springframework.test.context.event.ApplicationEventsTestExecutionListener, org.springframework.test.context.support.DependencyInjectionTestExecutionListener, org.springframework.test.context.support.DirtiesContextTestExecutionListener, org.springframework.test.context.transaction.TransactionalTestExecutionListener, org.springframework.test.context.jdbc.SqlScriptsTestExecutionListener, org.springframework.test.context.event.EventPublishingTestExecutionListener]
11:33:19.273 [main] INFO org.springframework.boot.test.context.SpringBootTestContextBootstrapper - Using TestExecutionListeners: [org.springframework.test.context.web.ServletTestExecutionListener@2eced48b, org.springframework.test.context.support.DirtiesContextBeforeModesTestExecutionListener@47c4ecdc, org.springframework.test.context.event.ApplicationEventsTestExecutionListener@42f33b5d, org.springframework.boot.test.mock.mockito.MockitoTestExecutionListener@5c8504fd, org.springframework.boot.test.autoconfigure.SpringBootDependencyInjectionTestExecutionListener@4b7e96a, org.springframework.test.context.support.DirtiesContextTestExecutionListener@6475472c, org.springframework.test.context.transaction.TransactionalTestExecutionListener@3f07b12c, org.springframework.test.context.jdbc.SqlScriptsTestExecutionListener@4bd1f8dd, org.springframework.test.context.event.EventPublishingTestExecutionListener@7096b474, org.springframework.boot.test.mock.mockito.ResetMocksTestExecutionListener@3e14c16d, org.springframework.boot.test.autoconfigure.restdocs.RestDocsTestExecutionListener@3c989952, org.springframework.boot.test.autoconfigure.web.client.MockRestServiceServerResetTestExecutionListener@784b990c, org.springframework.boot.test.autoconfigure.web.servlet.MockMvcPrintOnlyOnFailureTestExecutionListener@3d3ba765, org.springframework.boot.test.autoconfigure.web.servlet.WebDriverTestExecutionListener@25bc0606, org.springframework.boot.test.autoconfigure.webservices.client.MockWebServiceServerTestExecutionListener@5d1659ea]
11:33:19.304 [main] DEBUG org.springframework.test.context.support.AbstractDirtiesContextTestExecutionListener - Before test class: context [DefaultTestContext@bff34c6 testClass = TiendavirtualApplicationTests, testInstance = [null], testMethod = [null], testException = [null], mergedContextConfiguration = [WebMergedContextConfiguration@1522d8a0 testClass = TiendavirtualApplicationTests, locations = '{}', classes = '{class com.TiendaApu.TiendavirtualApplication}', contextInitializerClasses = '[]', activeProfiles = '{}', propertySourceLocations = '{}', propertySourceProperties = '{org.springframework.boot.test.context.SpringBootTestContextBootstrapper=true}', contextCustomizers = set[org.springframework.boot.test.context.filter.ExcludeFilterContextCustomizer@5f0fd5a0, org.springframework.boot.test.json.DuplicateJsonObjectContextCustomizerFactory$DuplicateJsonObjectContextCustomizer@3116c353, org.springframework.boot.test.mock.mockito.MockitoContextCustomizer@0, org.springframework.boot.test.web.client.TestRestTemplateContextCustomizer@4c012563, org.springframework.boot.test.autoconfigure.actuate.metrics.MetricsExportContextCustomizerFactory$DisableMetricExportContextCustomizer@59e2d8e3, org.springframework.boot.test.autoconfigure.properties.PropertyMappingContextCustomizer@0, org.springframework.boot.test.autoconfigure.web.servlet.WebDriverContextCustomizerFactory$Customizer@52e7a6b2, org.springframework.boot.test.context.SpringBootTestArgs@1, org.springframework.boot.test.context.SpringBootTestWebEnvironment@28eaa59a], resourceBasePath = 'src/main/webapp', contextLoader = 'org.springframework.boot.test.context.SpringBootContextLoader', parent = [null]], attributes = map['org.springframework.test.context.web.ServletTestExecutionListener.activateListener' -> true]], class annotated with @DirtiesContext [false] with mode [null].

  .   ____          _            __ _ _
 /\\ / ___'_ __ _ _(_)_ __  __ _ \ \ \ \
( ( )\___ | '_ | '_| | '_ \/ _` | \ \ \ \
 \\/  ___)| |_)| | | | | || (_| |  ) ) ) )
  '  |____| .__|_| |_|_| |_\__, | / / / /
 =========|_|==============|___/=/_/_/_/
 :: Spring Boot ::                (v2.7.3)

2022-09-12 11:33:22.757  INFO 8456 --- [           main] c.T.TiendavirtualApplicationTests        : Starting TiendavirtualApplicationTests using Java 11.0.15.1 on DESKTOP-R6TRDBL with PID 8456 (started by arrietagamarra_12 in C:\Users\arrietagamarra_12\Desktop\ciclo 3\TiendavirtualCLonada)
2022-09-12 11:33:22.773  INFO 8456 --- [           main] c.T.TiendavirtualApplicationTests        : No active profile set, falling back to 1 default profile: "default"
2022-09-12 11:33:31.101  INFO 8456 --- [           main] .s.d.r.c.RepositoryConfigurationDelegate : Bootstrapping Spring Data JPA repositories in DEFAULT mode.
2022-09-12 11:33:31.632  INFO 8456 --- [           main] .s.d.r.c.RepositoryConfigurationDelegate : Finished Spring Data repository scanning in 472 ms. Found 1 JPA repository interfaces.
2022-09-12 11:33:38.625  INFO 8456 --- [           main] o.hibernate.jpa.internal.util.LogHelper  : HHH000204: Processing PersistenceUnitInfo [name: default]
2022-09-12 11:33:39.703  INFO 8456 --- [           main] org.hibernate.Version                    : HHH000412: Hibernate ORM core version 5.6.10.Final
2022-09-12 11:33:41.484  INFO 8456 --- [           main] o.hibernate.annotations.common.Version   : HCANN000001: Hibernate Commons Annotations {5.1.2.Final}
2022-09-12 11:33:45.111  INFO 8456 --- [           main] com.zaxxer.hikari.HikariDataSource       : HikariPool-1 - Starting...
2022-09-12 11:33:50.361  INFO 8456 --- [           main] com.zaxxer.hikari.HikariDataSource       : HikariPool-1 - Start completed.
2022-09-12 11:33:51.001  INFO 8456 --- [           main] org.hibernate.dialect.Dialect            : HHH000400: Using dialect: org.hibernate.dialect.MySQL5Dialect
2022-09-12 11:33:58.461  INFO 8456 --- [           main] o.h.e.t.j.p.i.JtaPlatformInitiator       : HHH000490: Using JtaPlatform implementation: [org.hibernate.engine.transaction.jta.platform.internal.NoJtaPlatform]
2022-09-12 11:33:58.508  INFO 8456 --- [           main] j.LocalContainerEntityManagerFactoryBean : Initialized JPA EntityManagerFactory for persistence unit 'default'
2022-09-12 11:34:04.508  WARN 8456 --- [           main] JpaBaseConfiguration$JpaWebConfiguration : spring.jpa.open-in-view is enabled by default. Therefore, database queries may be performed during view rendering. Explicitly configure spring.jpa.open-in-view to disable this warning
2022-09-12 11:34:07.617  INFO 8456 --- [           main] o.s.b.a.w.s.WelcomePageHandlerMapping    : Adding welcome page template: index
2022-09-12 11:34:11.086  INFO 8456 --- [           main] c.T.TiendavirtualApplicationTests        : Started TiendavirtualApplicationTests in 51.427 seconds (JVM running for 71.777)
]]></system-out>
  </testcase>
  <testcase name="verificarSiActualizaUnaCategoria" classname="com.TiendaApu.TiendavirtualApplicationTests" time="0">
    <skipped message="void com.TiendaApu.TiendavirtualApplicationTests.verificarSiActualizaUnaCategoria() is @Disabled"/>
  </testcase>
  <testcase name="probarSiEncuentraCategoriaConId" classname="com.TiendaApu.TiendavirtualApplicationTests" time="0">
    <skipped message="void com.TiendaApu.TiendavirtualApplicationTests.probarSiEncuentraCategoriaConId() is @Disabled"/>
  </testcase>
  <testcase name="verificarSiEncuentraTodasLasCategorias" classname="com.TiendaApu.TiendavirtualApplicationTests" time="0">
    <skipped message="void com.TiendaApu.TiendavirtualApplicationTests.verificarSiEncuentraTodasLasCategorias() is @Disabled"/>
  </testcase>
  <testcase name="verificarSiGuardaUnaCategoria" classname="com.TiendaApu.TiendavirtualApplicationTests" time="0">
    <skipped message="void com.TiendaApu.TiendavirtualApplicationTests.verificarSiGuardaUnaCategoria() is @Disabled"/>
  </testcase>
</testsuite>